[    6837ms] [ERROR] ./utils/utils.ts:1:1
Module not found: Can't resolve 'clsx'
> 1 | import { clsx, type ClassValue } from "clsx";
    | ^^^^^^^^^^^^^^^^^^^^^^^^^^^^^^^^^^^^^^^^^^^^^
  2 | import { twMerge } from "tailwind-merge";
  3 |  
  4 | export function cn(...inputs: ClassValue[]) {

Import traces:
  #1 [Client Component Browser]:
    ./utils/utils.ts [Client Component Browser]
    ./app/admin/components/AdminNavbar.tsx [Client Component Browser]
    ./app/admin/components/SidebarContainer.tsx [Client Component Browser]
    ./app/admin/components/SidebarContainer.tsx [Server Component]
    ./app/admin/layout.tsx [Server Component]

  #2 [Client Component Browser]:
    ./utils/utils.ts [Client Component Browser]
    ./app/admin/components/ui/BaseCard.tsx [Client Component Browser]
    ./app/admin/components/MainContent.tsx [Client Component Browser]
    ./app/admin/components/MainContent.tsx [Server Component]
    ./app/admin/dashboard/page.tsx [Server Component]

  #3 [Client Component SSR]:
    ./utils/utils.ts [Client Component SSR]
    ./app/admin/components/AdminNavbar.tsx [Client Component SSR]
    ./app/admin/components/SidebarContainer.tsx [Client Component SSR]
    ./app/admin/components/SidebarContainer.tsx [Server Component]
    ./app/admin/layout.tsx [Server Component]

  #4 [Client Component SSR]:
    ./utils/utils.ts [Client Component SSR]
    ./app/admin/components/ui/BaseCard.tsx [Client Component SSR]
    ./app/admin/components/MainContent.tsx [Client Component SSR]
    ./app/admin/components/MainContent.tsx [Server Component]
    ./app/admin/dashboard/page.tsx [Server Component]

https://nextjs.org/docs/messages/module-not-found @ http://localhost:3000/_next/static/chunks/node_modules_next_dist_f3530cac._.js:3127
[    6838ms] [ERROR] ./utils/utils.ts:2:1
Module not found: Can't resolve 'tailwind-merge'
  1 | import { clsx, type ClassValue } from "clsx";
> 2 | import { twMerge } from "tailwind-merge";
    | ^^^^^^^^^^^^^^^^^^^^^^^^^^^^^^^^^^^^^^^^^
  3 |  
  4 | export function cn(...inputs: ClassValue[]) {
  5 |   return twMerge(clsx(inputs));

Import traces:
  #1 [Client Component Browser]:
    ./utils/utils.ts [Client Component Browser]
    ./app/admin/components/AdminNavbar.tsx [Client Component Browser]
    ./app/admin/components/SidebarContainer.tsx [Client Component Browser]
    ./app/admin/components/SidebarContainer.tsx [Server Component]
    ./app/admin/layout.tsx [Server Component]

  #2 [Client Component Browser]:
    ./utils/utils.ts [Client Component Browser]
    ./app/admin/components/ui/BaseCard.tsx [Client Component Browser]
    ./app/admin/components/MainContent.tsx [Client Component Browser]
    ./app/admin/components/MainContent.tsx [Server Component]
    ./app/admin/dashboard/page.tsx [Server Component]

  #3 [Client Component SSR]:
    ./utils/utils.ts [Client Component SSR]
    ./app/admin/components/AdminNavbar.tsx [Client Component SSR]
    ./app/admin/components/SidebarContainer.tsx [Client Component SSR]
    ./app/admin/components/SidebarContainer.tsx [Server Component]
    ./app/admin/layout.tsx [Server Component]

  #4 [Client Component SSR]:
    ./utils/utils.ts [Client Component SSR]
    ./app/admin/components/ui/BaseCard.tsx [Client Component SSR]
    ./app/admin/components/MainContent.tsx [Client Component SSR]
    ./app/admin/components/MainContent.tsx [Server Component]
    ./app/admin/dashboard/page.tsx [Server Component]

https://nextjs.org/docs/messages/module-not-found @ http://localhost:3000/_next/static/chunks/node_modules_next_dist_f3530cac._.js:3127
[    6966ms] [ERROR] ./utils/utils.ts:1:1
Module not found: Can't resolve 'clsx'
> 1 | import { clsx, type ClassValue } from "clsx";
    | ^^^^^^^^^^^^^^^^^^^^^^^^^^^^^^^^^^^^^^^^^^^^^
  2 | import { twMerge } from "tailwind-merge";
  3 |  
  4 | export function cn(...inputs: ClassValue[]) {

Import traces:
  #1 [Client Component Browser]:
    ./utils/utils.ts [Client Component Browser]
    ./app/admin/components/AdminNavbar.tsx [Client Component Browser]
    ./app/admin/components/SidebarContainer.tsx [Client Component Browser]
    ./app/admin/components/SidebarContainer.tsx [Server Component]
    ./app/admin/layout.tsx [Server Component]

  #2 [Client Component Browser]:
    ./utils/utils.ts [Client Component Browser]
    ./app/admin/components/ui/BaseCard.tsx [Client Component Browser]
    ./app/admin/components/MainContent.tsx [Client Component Browser]
    ./app/admin/components/MainContent.tsx [Server Component]
    ./app/admin/dashboard/page.tsx [Server Component]

  #3 [Client Component SSR]:
    ./utils/utils.ts [Client Component SSR]
    ./app/admin/components/AdminNavbar.tsx [Client Component SSR]
    ./app/admin/components/SidebarContainer.tsx [Client Component SSR]
    ./app/admin/components/SidebarContainer.tsx [Server Component]
    ./app/admin/layout.tsx [Server Component]

  #4 [Client Component SSR]:
    ./utils/utils.ts [Client Component SSR]
    ./app/admin/components/ui/BaseCard.tsx [Client Component SSR]
    ./app/admin/components/MainContent.tsx [Client Component SSR]
    ./app/admin/components/MainContent.tsx [Server Component]
    ./app/admin/dashboard/page.tsx [Server Component]

https://nextjs.org/docs/messages/module-not-found @ http://localhost:3000/_next/static/chunks/node_modules_next_dist_f3530cac._.js:3127
[    6967ms] [ERROR] ./utils/utils.ts:2:1
Module not found: Can't resolve 'tailwind-merge'
  1 | import { clsx, type ClassValue } from "clsx";
> 2 | import { twMerge } from "tailwind-merge";
    | ^^^^^^^^^^^^^^^^^^^^^^^^^^^^^^^^^^^^^^^^^
  3 |  
  4 | export function cn(...inputs: ClassValue[]) {
  5 |   return twMerge(clsx(inputs));

Import traces:
  #1 [Client Component Browser]:
    ./utils/utils.ts [Client Component Browser]
    ./app/admin/components/AdminNavbar.tsx [Client Component Browser]
    ./app/admin/components/SidebarContainer.tsx [Client Component Browser]
    ./app/admin/components/SidebarContainer.tsx [Server Component]
    ./app/admin/layout.tsx [Server Component]

  #2 [Client Component Browser]:
    ./utils/utils.ts [Client Component Browser]
    ./app/admin/components/ui/BaseCard.tsx [Client Component Browser]
    ./app/admin/components/MainContent.tsx [Client Component Browser]
    ./app/admin/components/MainContent.tsx [Server Component]
    ./app/admin/dashboard/page.tsx [Server Component]

  #3 [Client Component SSR]:
    ./utils/utils.ts [Client Component SSR]
    ./app/admin/components/AdminNavbar.tsx [Client Component SSR]
    ./app/admin/components/SidebarContainer.tsx [Client Component SSR]
    ./app/admin/components/SidebarContainer.tsx [Server Component]
    ./app/admin/layout.tsx [Server Component]

  #4 [Client Component SSR]:
    ./utils/utils.ts [Client Component SSR]
    ./app/admin/components/ui/BaseCard.tsx [Client Component SSR]
    ./app/admin/components/MainContent.tsx [Client Component SSR]
    ./app/admin/components/MainContent.tsx [Server Component]
    ./app/admin/dashboard/page.tsx [Server Component]

https://nextjs.org/docs/messages/module-not-found @ http://localhost:3000/_next/static/chunks/node_modules_next_dist_f3530cac._.js:3127
[    7074ms] [ERROR] A tree hydrated but some attributes of the server rendered HTML didn't match the client properties. This won't be patched up. This can happen if a SSR-ed Client Component used:

- A server/client branch `if (typeof window !== 'undefined')`.
- Variable input such as `Date.now()` or `Math.random()` which changes each time it's called.
- Date formatting in a user's locale which doesn't match the server.
- External changing data without sending a snapshot of it along with the HTML.
- Invalid HTML tag nesting.

It can also happen if the client has a browser extension installed which messes with the HTML before React loaded.

%s%s https://react.dev/link/hydration-mismatch 

  ...
    <HotReload globalError={[...]} webSocket={WebSocket} staticIndicatorState={{pathname:null, ...}}>
      <AppDevOverlayErrorBoundary globalError={[...]}>
        <ReplaySsrOnlyErrors>
        <DevRootHTTPAccessFallbackBoundary>
          <HTTPAccessFallbackBoundary notFound={<NotAllowedRootHTTPFallbackError>}>
            <HTTPAccessFallbackErrorBoundary pathname="/" notFound={<NotAllowedRootHTTPFallbackError>} ...>
              <RedirectBoundary>
                <RedirectErrorBoundary router={{...}}>
                  <Head>
                  <__next_root_layout_boundary__>
                    <SegmentViewNode type="layout" pagePath="layout.tsx">
                      <SegmentTrieNode>
                      <link>
                      <script>
                      <script>
                      <script>
                      <RootLayout>
                        <html lang="es">
                          <body
                            className={"space_grotesk_5f8294b0-module__HXMeaq__variable inter_96df4b1d-module__0vmKba..."}
-                           style={{padding-right:"6px",overflow-x:"hidden",overflow-y:"hidden"}}
                          >
                  ...
 @ http://localhost:3000/_next/static/chunks/node_modules_next_dist_f3530cac._.js:3127
[    7098ms] [WARNING] Image with src "http://localhost:3000/vercel.svg" has either width or height modified, but not the other. If you use CSS to change the size of your image, also include the styles 'width: "auto"' or 'height: "auto"' to maintain the aspect ratio. @ http://localhost:3000/_next/static/chunks/node_modules_next_dist_f3530cac._.js:2297
[    7385ms] [ERROR] Failed to load resource: the server responded with a status of 400 (Bad Request) @ http://localhost:3000/_next/image?url=%2Fimages%2Fproject1.png&w=640&q=75:0
[    7397ms] [ERROR] Failed to load resource: the server responded with a status of 400 (Bad Request) @ http://localhost:3000/_next/image?url=%2Fimages%2Fproject2.png&w=640&q=75:0
[    7400ms] [ERROR] Failed to load resource: the server responded with a status of 400 (Bad Request) @ http://localhost:3000/_next/image?url=%2Fimages%2Fproject3.png&w=640&q=75:0
[   53794ms] [ERROR] ./utils/utils.ts:1:1
Module not found: Can't resolve 'clsx'
> 1 | import { clsx, type ClassValue } from "clsx";
    | ^^^^^^^^^^^^^^^^^^^^^^^^^^^^^^^^^^^^^^^^^^^^^
  2 | import { twMerge } from "tailwind-merge";
  3 |  
  4 | export function cn(...inputs: ClassValue[]) {

Import traces:
  #1 [Client Component Browser]:
    ./utils/utils.ts [Client Component Browser]
    ./app/admin/components/AdminNavbar.tsx [Client Component Browser]
    ./app/admin/components/SidebarContainer.tsx [Client Component Browser]
    ./app/admin/components/SidebarContainer.tsx [Server Component]
    ./app/admin/layout.tsx [Server Component]

  #2 [Client Component Browser]:
    ./utils/utils.ts [Client Component Browser]
    ./app/admin/components/ui/BaseCard.tsx [Client Component Browser]
    ./app/admin/components/MainContent.tsx [Client Component Browser]
    ./app/admin/components/MainContent.tsx [Server Component]
    ./app/admin/dashboard/page.tsx [Server Component]

  #3 [Client Component SSR]:
    ./utils/utils.ts [Client Component SSR]
    ./app/admin/components/AdminNavbar.tsx [Client Component SSR]
    ./app/admin/components/SidebarContainer.tsx [Client Component SSR]
    ./app/admin/components/SidebarContainer.tsx [Server Component]
    ./app/admin/layout.tsx [Server Component]

  #4 [Client Component SSR]:
    ./utils/utils.ts [Client Component SSR]
    ./app/admin/components/ui/BaseCard.tsx [Client Component SSR]
    ./app/admin/components/MainContent.tsx [Client Component SSR]
    ./app/admin/components/MainContent.tsx [Server Component]
    ./app/admin/dashboard/page.tsx [Server Component]

https://nextjs.org/docs/messages/module-not-found @ http://localhost:3000/_next/static/chunks/node_modules_next_dist_f3530cac._.js:3127
[   53794ms] [ERROR] ./utils/utils.ts:2:1
Module not found: Can't resolve 'tailwind-merge'
  1 | import { clsx, type ClassValue } from "clsx";
> 2 | import { twMerge } from "tailwind-merge";
    | ^^^^^^^^^^^^^^^^^^^^^^^^^^^^^^^^^^^^^^^^^
  3 |  
  4 | export function cn(...inputs: ClassValue[]) {
  5 |   return twMerge(clsx(inputs));

Import traces:
  #1 [Client Component Browser]:
    ./utils/utils.ts [Client Component Browser]
    ./app/admin/components/AdminNavbar.tsx [Client Component Browser]
    ./app/admin/components/SidebarContainer.tsx [Client Component Browser]
    ./app/admin/components/SidebarContainer.tsx [Server Component]
    ./app/admin/layout.tsx [Server Component]

  #2 [Client Component Browser]:
    ./utils/utils.ts [Client Component Browser]
    ./app/admin/components/ui/BaseCard.tsx [Client Component Browser]
    ./app/admin/components/MainContent.tsx [Client Component Browser]
    ./app/admin/components/MainContent.tsx [Server Component]
    ./app/admin/dashboard/page.tsx [Server Component]

  #3 [Client Component SSR]:
    ./utils/utils.ts [Client Component SSR]
    ./app/admin/components/AdminNavbar.tsx [Client Component SSR]
    ./app/admin/components/SidebarContainer.tsx [Client Component SSR]
    ./app/admin/components/SidebarContainer.tsx [Server Component]
    ./app/admin/layout.tsx [Server Component]

  #4 [Client Component SSR]:
    ./utils/utils.ts [Client Component SSR]
    ./app/admin/components/ui/BaseCard.tsx [Client Component SSR]
    ./app/admin/components/MainContent.tsx [Client Component SSR]
    ./app/admin/components/MainContent.tsx [Server Component]
    ./app/admin/dashboard/page.tsx [Server Component]

https://nextjs.org/docs/messages/module-not-found @ http://localhost:3000/_next/static/chunks/node_modules_next_dist_f3530cac._.js:3127
[   56154ms] [ERROR] ./utils/utils.ts:1:1
Module not found: Can't resolve 'clsx'
> 1 | import { clsx, type ClassValue } from "clsx";
    | ^^^^^^^^^^^^^^^^^^^^^^^^^^^^^^^^^^^^^^^^^^^^^
  2 | import { twMerge } from "tailwind-merge";
  3 |  
  4 | export function cn(...inputs: ClassValue[]) {

Import traces:
  #1 [Client Component Browser]:
    ./utils/utils.ts [Client Component Browser]
    ./app/admin/components/AdminNavbar.tsx [Client Component Browser]
    ./app/admin/components/SidebarContainer.tsx [Client Component Browser]
    ./app/admin/components/SidebarContainer.tsx [Server Component]
    ./app/admin/layout.tsx [Server Component]

  #2 [Client Component Browser]:
    ./utils/utils.ts [Client Component Browser]
    ./app/admin/components/ui/BaseCard.tsx [Client Component Browser]
    ./app/admin/components/MainContent.tsx [Client Component Browser]
    ./app/admin/components/MainContent.tsx [Server Component]
    ./app/admin/dashboard/page.tsx [Server Component]

  #3 [Client Component SSR]:
    ./utils/utils.ts [Client Component SSR]
    ./app/admin/components/AdminNavbar.tsx [Client Component SSR]
    ./app/admin/components/SidebarContainer.tsx [Client Component SSR]
    ./app/admin/components/SidebarContainer.tsx [Server Component]
    ./app/admin/layout.tsx [Server Component]

  #4 [Client Component SSR]:
    ./utils/utils.ts [Client Component SSR]
    ./app/admin/components/ui/BaseCard.tsx [Client Component SSR]
    ./app/admin/components/MainContent.tsx [Client Component SSR]
    ./app/admin/components/MainContent.tsx [Server Component]
    ./app/admin/dashboard/page.tsx [Server Component]

https://nextjs.org/docs/messages/module-not-found @ http://localhost:3000/_next/static/chunks/node_modules_next_dist_f3530cac._.js:3127
[   56171ms] [ERROR] ./utils/utils.ts:2:1
Module not found: Can't resolve 'tailwind-merge'
  1 | import { clsx, type ClassValue } from "clsx";
> 2 | import { twMerge } from "tailwind-merge";
    | ^^^^^^^^^^^^^^^^^^^^^^^^^^^^^^^^^^^^^^^^^
  3 |  
  4 | export function cn(...inputs: ClassValue[]) {
  5 |   return twMerge(clsx(inputs));

Import traces:
  #1 [Client Component Browser]:
    ./utils/utils.ts [Client Component Browser]
    ./app/admin/components/AdminNavbar.tsx [Client Component Browser]
    ./app/admin/components/SidebarContainer.tsx [Client Component Browser]
    ./app/admin/components/SidebarContainer.tsx [Server Component]
    ./app/admin/layout.tsx [Server Component]

  #2 [Client Component Browser]:
    ./utils/utils.ts [Client Component Browser]
    ./app/admin/components/ui/BaseCard.tsx [Client Component Browser]
    ./app/admin/components/MainContent.tsx [Client Component Browser]
    ./app/admin/components/MainContent.tsx [Server Component]
    ./app/admin/dashboard/page.tsx [Server Component]

  #3 [Client Component SSR]:
    ./utils/utils.ts [Client Component SSR]
    ./app/admin/components/AdminNavbar.tsx [Client Component SSR]
    ./app/admin/components/SidebarContainer.tsx [Client Component SSR]
    ./app/admin/components/SidebarContainer.tsx [Server Component]
    ./app/admin/layout.tsx [Server Component]

  #4 [Client Component SSR]:
    ./utils/utils.ts [Client Component SSR]
    ./app/admin/components/ui/BaseCard.tsx [Client Component SSR]
    ./app/admin/components/MainContent.tsx [Client Component SSR]
    ./app/admin/components/MainContent.tsx [Server Component]
    ./app/admin/dashboard/page.tsx [Server Component]

https://nextjs.org/docs/messages/module-not-found @ http://localhost:3000/_next/static/chunks/node_modules_next_dist_f3530cac._.js:3127
[   67847ms] [ERROR] WebSocket connection to 'ws://localhost:3000/_next/webpack-hmr?id=Ukphx4kgQxcgribKyhHYl' failed: Error in connection establishment: net::ERR_CONNECTION_REFUSED @ http://localhost:3000/_next/static/chunks/node_modules_next_dist_client_17643121._.js:10878
[   71153ms] [ERROR] WebSocket connection to 'ws://localhost:3000/_next/webpack-hmr?id=Ukphx4kgQxcgribKyhHYl' failed: Error in connection establishment: net::ERR_CONNECTION_REFUSED @ http://localhost:3000/_next/static/chunks/node_modules_next_dist_client_17643121._.js:10878
[   77133ms] [ERROR] WebSocket connection to 'ws://localhost:3000/_next/webpack-hmr?id=Ukphx4kgQxcgribKyhHYl' failed: Error in connection establishment: net::ERR_CONNECTION_REFUSED @ http://localhost:3000/_next/static/chunks/node_modules_next_dist_client_17643121._.js:10878
[   80690ms] [ERROR] WebSocket connection to 'ws://localhost:3000/_next/webpack-hmr?id=Ukphx4kgQxcgribKyhHYl' failed: Error in connection establishment: net::ERR_CONNECTION_REFUSED @ http://localhost:3000/_next/static/chunks/node_modules_next_dist_client_17643121._.js:10878
[   84242ms] [ERROR] WebSocket connection to 'ws://localhost:3000/_next/webpack-hmr?id=Ukphx4kgQxcgribKyhHYl' failed: Error in connection establishment: net::ERR_CONNECTION_REFUSED @ http://localhost:3000/_next/static/chunks/node_modules_next_dist_client_17643121._.js:10878
[   92330ms] [ERROR] WebSocket connection to 'ws://localhost:3000/_next/webpack-hmr?id=Ukphx4kgQxcgribKyhHYl' failed: Error in connection establishment: net::ERR_CONNECTION_REFUSED @ http://localhost:3000/_next/static/chunks/node_modules_next_dist_client_17643121._.js:10878
[   99642ms] [ERROR] WebSocket connection to 'ws://localhost:3000/_next/webpack-hmr?id=Ukphx4kgQxcgribKyhHYl' failed: Error in connection establishment: net::ERR_CONNECTION_REFUSED @ http://localhost:3000/_next/static/chunks/node_modules_next_dist_client_17643121._.js:10878
[  106966ms] [ERROR] WebSocket connection to 'ws://localhost:3000/_next/webpack-hmr?id=Ukphx4kgQxcgribKyhHYl' failed: Error in connection establishment: net::ERR_CONNECTION_REFUSED @ http://localhost:3000/_next/static/chunks/node_modules_next_dist_client_17643121._.js:10878
[  114500ms] [ERROR] WebSocket connection to 'ws://localhost:3000/_next/webpack-hmr?id=Ukphx4kgQxcgribKyhHYl' failed: Error in connection establishment: net::ERR_CONNECTION_REFUSED @ http://localhost:3000/_next/static/chunks/node_modules_next_dist_client_17643121._.js:10878
[  121813ms] [ERROR] WebSocket connection to 'ws://localhost:3000/_next/webpack-hmr?id=Ukphx4kgQxcgribKyhHYl' failed: Error in connection establishment: net::ERR_CONNECTION_REFUSED @ http://localhost:3000/_next/static/chunks/node_modules_next_dist_client_17643121._.js:10878
[  129127ms] [ERROR] WebSocket connection to 'ws://localhost:3000/_next/webpack-hmr?id=Ukphx4kgQxcgribKyhHYl' failed: Error in connection establishment: net::ERR_CONNECTION_REFUSED @ http://localhost:3000/_next/static/chunks/node_modules_next_dist_client_17643121._.js:10878
[  136436ms] [ERROR] WebSocket connection to 'ws://localhost:3000/_next/webpack-hmr?id=Ukphx4kgQxcgribKyhHYl' failed: Error in connection establishment: net::ERR_CONNECTION_REFUSED @ http://localhost:3000/_next/static/chunks/node_modules_next_dist_client_17643121._.js:10878
